# JRE version: OpenJDK Runtime Environment Corretto-26.0.1.8.1 (26.0.1+8) (build 26.0.1+8-FR)
# Java VM: OpenJDK 64-Bit Server VM Corretto-26.0.1.8.1 (26.0.1+8-FR, mixed mode, sharing, tiered, compressed oops, compressed class ptrs, g1 gc, windows-amd64)
GC Precious Log:
 CardTable entry size: 512
 Card Set container configuration: InlinePtr #cards 5 size 8 Array Of Cards #cards 10 size 36 Howl #buckets 4 coarsen threshold 1843 Howl Bitmap #cards 512 size 80 coarsen threshold 460 Card regions per heap region 1 cards per card region 2048
 CPUs: 32 total, 32 available
 Memory: 64696M
 Large Page Support: Disabled
 NUMA Support: Disabled
 Compressed Oops: Enabled (32-bit)
 Heap Region Size: 1M
 Heap Min Capacity: 8M
 Heap Initial Capacity: 8M
 Heap Max Capacity: 512M
 Pre-touch: Disabled
 Parallel Workers: 23
 Concurrent Workers: 6
 Concurrent Refinement Workers: 23
 Periodic GC: Disabled
Heap:
 garbage-first heap   total reserved 524288K, committed 265216K, used 21297K [0x00000000e0000000, 0x0000000100000000)
  region size 1M, 16 eden (16M), 1 survivor (1M), 6 old (6M), 0 humongous (0M), 236 free (236M)
GC Heap Usage History (14 events):
Event: 0.083 {heap Before GC invocations=0 (full 0):
 garbage-first heap   total reserved 524288K, committed 10240K, used 5279K [0x00000000e0000000, 0x0000000100000000)
  region size 1M, 4 eden (4M), 0 survivor (0M), 2 old (2M), 0 humongous (0M), 4 free (4M)
}
Event: 0.084 {heap After GC invocations=1 (full 0):
 garbage-first heap   total reserved 524288K, committed 10240K, used 2299K [0x00000000e0000000, 0x0000000100000000)
  region size 1M, 0 eden (0M), 1 survivor (1M), 3 old (3M), 0 humongous (0M), 6 free (6M)
}
Event: 0.105 {heap Before GC invocations=1 (full 0):
 garbage-first heap   total reserved 524288K, committed 10240K, used 4347K [0x00000000e0000000, 0x0000000100000000)
  region size 1M, 2 eden (2M), 1 survivor (1M), 3 old (3M), 0 humongous (0M), 4 free (4M)
}
Event: 0.106 {heap After GC invocations=2 (full 0):
 garbage-first heap   total reserved 524288K, committed 10240K, used 2748K [0x00000000e0000000, 0x0000000100000000)
  region size 1M, 0 eden (0M), 1 survivor (1M), 4 old (4M), 0 humongous (0M), 5 free (5M)
}
Event: 0.124 {heap Before GC invocations=2 (full 0):
 garbage-first heap   total reserved 524288K, committed 10240K, used 4796K [0x00000000e0000000, 0x0000000100000000)
  region size 1M, 2 eden (2M), 1 survivor (1M), 4 old (4M), 0 humongous (0M), 3 free (3M)
}
Event: 0.124 {heap After GC invocations=3 (full 0):
 garbage-first heap   total reserved 524288K, committed 10240K, used 2945K [0x00000000e0000000, 0x0000000100000000)
  region size 1M, 0 eden (0M), 1 survivor (1M), 4 old (4M), 0 humongous (0M), 5 free (5M)
}
Event: 0.140 {heap Before GC invocations=3 (full 0):
 garbage-first heap   total reserved 524288K, committed 10240K, used 4993K [0x00000000e0000000, 0x0000000100000000)
  region size 1M, 2 eden (2M), 1 survivor (1M), 4 old (4M), 0 humongous (0M), 3 free (3M)
}
Event: 0.141 {heap After GC invocations=4 (full 0):
 garbage-first heap   total reserved 524288K, committed 30720K, used 3689K [0x00000000e0000000, 0x0000000100000000)
  region size 1M, 0 eden (0M), 1 survivor (1M), 4 old (4M), 0 humongous (0M), 25 free (25M)
}
Event: 0.254 {heap Before GC invocations=4 (full 0):
 garbage-first heap   total reserved 524288K, committed 30720K, used 15977K [0x00000000e0000000, 0x0000000100000000)
  region size 1M, 13 eden (13M), 1 survivor (1M), 4 old (4M), 0 humongous (0M), 12 free (12M)
}
Event: 0.255 {heap After GC invocations=5 (full 0):
 garbage-first heap   total reserved 524288K, committed 30720K, used 4894K [0x00000000e0000000, 0x0000000100000000)
  region size 1M, 0 eden (0M), 2 survivor (2M), 4 old (4M), 0 humongous (0M), 24 free (24M)
}
Event: 0.316 {heap Before GC invocations=5 (full 0):
 garbage-first heap   total reserved 524288K, committed 30720K, used 16158K [0x00000000e0000000, 0x0000000100000000)
  region size 1M, 11 eden (11M), 2 survivor (2M), 4 old (4M), 0 humongous (0M), 13 free (13M)
}
Event: 0.317 {heap After GC invocations=6 (full 0):
 garbage-first heap   total reserved 524288K, committed 30720K, used 5724K [0x00000000e0000000, 0x0000000100000000)
  region size 1M, 0 eden (0M), 1 survivor (1M), 6 old (6M), 0 humongous (0M), 23 free (23M)
}
Event: 0.346 {heap Before GC invocations=6 (full 0):
 garbage-first heap   total reserved 524288K, committed 30720K, used 19036K [0x00000000e0000000, 0x0000000100000000)
  region size 1M, 13 eden (13M), 1 survivor (1M), 6 old (6M), 0 humongous (0M), 10 free (10M)
}
Event: 0.347 {heap After GC invocations=7 (full 0):
 garbage-first heap   total reserved 524288K, committed 30720K, used 5684K [0x00000000e0000000, 0x0000000100000000)
  region size 1M, 0 eden (0M), 1 survivor (1M), 6 old (6M), 0 humongous (0M), 23 free (23M)
}

